{"C:\\Users\\PAVILION\\Downloads\\ApiRest\\app.js": {"path":"C:\\Users\\PAVILION\\Downloads\\ApiRest\\app.js","statementMap":{"0":{"start":{"line":1,"column":0},"end":{"line":1,"column":26}},"1":{"start":{"line":3,"column":16},"end":{"line":3,"column":34}},"2":{"start":{"line":4,"column":13},"end":{"line":4,"column":28}},"3":{"start":{"line":5,"column":18},"end":{"line":5,"column":47}},"4":{"start":{"line":6,"column":29},"end":{"line":6,"column":54}},"5":{"start":{"line":7,"column":23},"end":{"line":7,"column":48}},"6":{"start":{"line":8,"column":25},"end":{"line":8,"column":50}},"7":{"start":{"line":9,"column":12},"end":{"line":9,"column":21}},"8":{"start":{"line":10,"column":18},"end":{"line":10,"column":39}},"9":{"start":{"line":11,"column":17},"end":{"line":11,"column":54}},"10":{"start":{"line":13,"column":0},"end":{"line":13,"column":15}},"11":{"start":{"line":14,"column":0},"end":{"line":14,"column":23}},"12":{"start":{"line":15,"column":0},"end":{"line":15,"column":34}},"13":{"start":{"line":17,"column":13},"end":{"line":17,"column":35}},"14":{"start":{"line":19,"column":0},"end":{"line":19,"column":81}},"15":{"start":{"line":21,"column":0},"end":{"line":21,"column":36}},"16":{"start":{"line":23,"column":0},"end":{"line":25,"column":1}},"17":{"start":{"line":24,"column":4},"end":{"line":24,"column":21}},"18":{"start":{"line":28,"column":0},"end":{"line":28,"column":62}},"19":{"start":{"line":30,"column":0},"end":{"line":30,"column":21}}},"fnMap":{},"branchMap":{"0":{"loc":{"start":{"line":11,"column":17},"end":{"line":11,"column":54}},"type":"binary-expr","locations":[{"start":{"line":11,"column":17},"end":{"line":11,"column":37}},{"start":{"line":11,"column":41},"end":{"line":11,"column":54}}],"line":11},"1":{"loc":{"start":{"line":17,"column":13},"end":{"line":17,"column":35}},"type":"binary-expr","locations":[{"start":{"line":17,"column":13},"end":{"line":17,"column":29}},{"start":{"line":17,"column":31},"end":{"line":17,"column":35}}],"line":17},"2":{"loc":{"start":{"line":23,"column":0},"end":{"line":25,"column":1}},"type":"if","locations":[{"start":{"line":23,"column":0},"end":{"line":25,"column":1}},{"start":{},"end":{}}],"line":23},"3":{"loc":{"start":{"line":28,"column":0},"end":{"line":28,"column":61}},"type":"cond-expr","locations":[{"start":{"line":28,"column":26},"end":{"line":28,"column":42}},{"start":{"line":28,"column":45},"end":{"line":28,"column":61}}],"line":28}},"s":{"0":3,"1":3,"2":3,"3":3,"4":3,"5":3,"6":3,"7":3,"8":3,"9":3,"10":3,"11":3,"12":3,"13":3,"14":3,"15":3,"16":3,"17":0,"18":3,"19":3},"f":{},"b":{"0":[3,0],"1":[3,0],"2":[0,3],"3":[3,0]},"_coverageSchema":"1a1c01bbd47fc00a2c39e90264f33305004495a9","hash":"3692716bc573374386f51811b16d506f098b0473"}
,"C:\\Users\\PAVILION\\Downloads\\ApiRest\\config\\mongo.js": {"path":"C:\\Users\\PAVILION\\Downloads\\ApiRest\\config\\mongo.js","statementMap":{"0":{"start":{"line":1,"column":17},"end":{"line":1,"column":36}},"1":{"start":{"line":2,"column":17},"end":{"line":2,"column":37}},"2":{"start":{"line":4,"column":23},"end":{"line":19,"column":1}},"3":{"start":{"line":5,"column":19},"end":{"line":5,"column":86}},"4":{"start":{"line":6,"column":4},"end":{"line":18,"column":6}},"5":{"start":{"line":11,"column":8},"end":{"line":16,"column":9}},"6":{"start":{"line":12,"column":12},"end":{"line":12,"column":44}},"7":{"start":{"line":15,"column":12},"end":{"line":15,"column":28}},"8":{"start":{"line":22,"column":0},"end":{"line":22,"column":31}}},"fnMap":{"0":{"name":"(anonymous_0)","decl":{"start":{"line":4,"column":23},"end":{"line":4,"column":24}},"loc":{"start":{"line":4,"column":29},"end":{"line":19,"column":1}},"line":4},"1":{"name":"(anonymous_1)","decl":{"start":{"line":10,"column":4},"end":{"line":10,"column":5}},"loc":{"start":{"line":10,"column":18},"end":{"line":17,"column":5}},"line":10}},"branchMap":{"0":{"loc":{"start":{"line":5,"column":19},"end":{"line":5,"column":86}},"type":"cond-expr","locations":[{"start":{"line":5,"column":43},"end":{"line":5,"column":66}},{"start":{"line":5,"column":68},"end":{"line":5,"column":86}}],"line":5},"1":{"loc":{"start":{"line":11,"column":8},"end":{"line":16,"column":9}},"type":"if","locations":[{"start":{"line":11,"column":8},"end":{"line":16,"column":9}},{"start":{"line":14,"column":12},"end":{"line":16,"column":9}}],"line":11}},"s":{"0":3,"1":3,"2":3,"3":3,"4":3,"5":3,"6":3,"7":0,"8":3},"f":{"0":3,"1":3},"b":{"0":[3,0],"1":[3,0]},"_coverageSchema":"1a1c01bbd47fc00a2c39e90264f33305004495a9","hash":"ad60a8f4df7361552bf7d0512c66e352364a8862"}
,"C:\\Users\\PAVILION\\Downloads\\ApiRest\\config\\mysql.js": {"path":"C:\\Users\\PAVILION\\Downloads\\ApiRest\\config\\mysql.js","statementMap":{"0":{"start":{"line":1,"column":20},"end":{"line":1,"column":40}},"1":{"start":{"line":3,"column":17},"end":{"line":3,"column":37}},"2":{"start":{"line":5,"column":16},"end":{"line":5,"column":100}},"3":{"start":{"line":6,"column":17},"end":{"line":6,"column":39}},"4":{"start":{"line":7,"column":17},"end":{"line":7,"column":43}},"5":{"start":{"line":8,"column":13},"end":{"line":8,"column":35}},"6":{"start":{"line":10,"column":18},"end":{"line":13,"column":2}},"7":{"start":{"line":15,"column":23},"end":{"line":22,"column":1}},"8":{"start":{"line":16,"column":4},"end":{"line":21,"column":5}},"9":{"start":{"line":17,"column":8},"end":{"line":17,"column":39}},"10":{"start":{"line":18,"column":8},"end":{"line":18,"column":47}},"11":{"start":{"line":20,"column":8},"end":{"line":20,"column":50}},"12":{"start":{"line":24,"column":0},"end":{"line":24,"column":44}}},"fnMap":{"0":{"name":"(anonymous_0)","decl":{"start":{"line":15,"column":23},"end":{"line":15,"column":24}},"loc":{"start":{"line":15,"column":35},"end":{"line":22,"column":1}},"line":15}},"branchMap":{"0":{"loc":{"start":{"line":5,"column":16},"end":{"line":5,"column":100}},"type":"cond-expr","locations":[{"start":{"line":5,"column":40},"end":{"line":5,"column":71}},{"start":{"line":5,"column":74},"end":{"line":5,"column":100}}],"line":5}},"s":{"0":3,"1":3,"2":3,"3":3,"4":3,"5":3,"6":3,"7":3,"8":0,"9":0,"10":0,"11":0,"12":3},"f":{"0":0},"b":{"0":[3,0]},"_coverageSchema":"1a1c01bbd47fc00a2c39e90264f33305004495a9","hash":"095771316d9132f8c411518ca4fb1784193035e0"}
,"C:\\Users\\PAVILION\\Downloads\\ApiRest\\controllers\\auth.js": {"path":"C:\\Users\\PAVILION\\Downloads\\ApiRest\\controllers\\auth.js","statementMap":{"0":{"start":{"line":1,"column":22},"end":{"line":1,"column":51}},"1":{"start":{"line":2,"column":27},"end":{"line":2,"column":62}},"2":{"start":{"line":3,"column":20},"end":{"line":3,"column":49}},"3":{"start":{"line":4,"column":26},"end":{"line":4,"column":58}},"4":{"start":{"line":5,"column":21},"end":{"line":5,"column":41}},"5":{"start":{"line":9,"column":21},"end":{"line":28,"column":1}},"6":{"start":{"line":10,"column":4},"end":{"line":26,"column":5}},"7":{"start":{"line":11,"column":8},"end":{"line":11,"column":31}},"8":{"start":{"line":12,"column":25},"end":{"line":12,"column":52}},"9":{"start":{"line":13,"column":21},"end":{"line":13,"column":39}},"10":{"start":{"line":14,"column":25},"end":{"line":14,"column":54}},"11":{"start":{"line":15,"column":8},"end":{"line":15,"column":60}},"12":{"start":{"line":17,"column":21},"end":{"line":20,"column":9}},"13":{"start":{"line":21,"column":8},"end":{"line":21,"column":23}},"14":{"start":{"line":22,"column":8},"end":{"line":22,"column":25}},"15":{"start":{"line":24,"column":8},"end":{"line":24,"column":22}},"16":{"start":{"line":25,"column":8},"end":{"line":25,"column":51}},"17":{"start":{"line":30,"column":18},"end":{"line":55,"column":1}},"18":{"start":{"line":31,"column":4},"end":{"line":54,"column":5}},"19":{"start":{"line":32,"column":8},"end":{"line":32,"column":31}},"20":{"start":{"line":33,"column":21},"end":{"line":33,"column":64}},"21":{"start":{"line":34,"column":8},"end":{"line":37,"column":9}},"22":{"start":{"line":35,"column":12},"end":{"line":35,"column":56}},"23":{"start":{"line":36,"column":12},"end":{"line":36,"column":18}},"24":{"start":{"line":38,"column":29},"end":{"line":38,"column":49}},"25":{"start":{"line":39,"column":22},"end":{"line":39,"column":63}},"26":{"start":{"line":40,"column":8},"end":{"line":43,"column":9}},"27":{"start":{"line":41,"column":12},"end":{"line":41,"column":57}},"28":{"start":{"line":42,"column":12},"end":{"line":42,"column":18}},"29":{"start":{"line":44,"column":8},"end":{"line":44,"column":55}},"30":{"start":{"line":45,"column":21},"end":{"line":48,"column":9}},"31":{"start":{"line":49,"column":8},"end":{"line":49,"column":24}},"32":{"start":{"line":52,"column":8},"end":{"line":52,"column":22}},"33":{"start":{"line":53,"column":8},"end":{"line":53,"column":48}},"34":{"start":{"line":57,"column":0},"end":{"line":57,"column":42}}},"fnMap":{"0":{"name":"(anonymous_0)","decl":{"start":{"line":9,"column":21},"end":{"line":9,"column":22}},"loc":{"start":{"line":9,"column":41},"end":{"line":28,"column":1}},"line":9},"1":{"name":"(anonymous_1)","decl":{"start":{"line":30,"column":18},"end":{"line":30,"column":19}},"loc":{"start":{"line":30,"column":37},"end":{"line":55,"column":1}},"line":30}},"branchMap":{"0":{"loc":{"start":{"line":34,"column":8},"end":{"line":37,"column":9}},"type":"if","locations":[{"start":{"line":34,"column":8},"end":{"line":37,"column":9}},{"start":{},"end":{}}],"line":34},"1":{"loc":{"start":{"line":40,"column":8},"end":{"line":43,"column":9}},"type":"if","locations":[{"start":{"line":40,"column":8},"end":{"line":43,"column":9}},{"start":{},"end":{}}],"line":40}},"s":{"0":3,"1":3,"2":3,"3":3,"4":3,"5":3,"6":1,"7":1,"8":1,"9":1,"10":1,"11":1,"12":1,"13":1,"14":1,"15":0,"16":0,"17":3,"18":3,"19":3,"20":3,"21":3,"22":1,"23":1,"24":2,"25":2,"26":2,"27":1,"28":1,"29":1,"30":1,"31":1,"32":0,"33":0,"34":3},"f":{"0":1,"1":3},"b":{"0":[1,2],"1":[1,1]},"_coverageSchema":"1a1c01bbd47fc00a2c39e90264f33305004495a9","hash":"acca0f65d4255a779e7b0ae33312b7560bb534e2"}
,"C:\\Users\\PAVILION\\Downloads\\ApiRest\\controllers\\storage.js": {"path":"C:\\Users\\PAVILION\\Downloads\\ApiRest\\controllers\\storage.js","statementMap":{"0":{"start":{"line":1,"column":11},"end":{"line":1,"column":24}},"1":{"start":{"line":2,"column":24},"end":{"line":2,"column":52}},"2":{"start":{"line":3,"column":23},"end":{"line":3,"column":44}},"3":{"start":{"line":4,"column":26},"end":{"line":4,"column":57}},"4":{"start":{"line":5,"column":19},"end":{"line":5,"column":41}},"5":{"start":{"line":6,"column":19},"end":{"line":6,"column":44}},"6":{"start":{"line":13,"column":17},"end":{"line":20,"column":1}},"7":{"start":{"line":14,"column":4},"end":{"line":19,"column":5}},"8":{"start":{"line":15,"column":21},"end":{"line":15,"column":48}},"9":{"start":{"line":16,"column":8},"end":{"line":16,"column":25}},"10":{"start":{"line":18,"column":8},"end":{"line":18,"column":49}},"11":{"start":{"line":27,"column":16},"end":{"line":35,"column":1}},"12":{"start":{"line":28,"column":4},"end":{"line":34,"column":5}},"13":{"start":{"line":29,"column":21},"end":{"line":29,"column":37}},"14":{"start":{"line":30,"column":21},"end":{"line":30,"column":52}},"15":{"start":{"line":31,"column":8},"end":{"line":31,"column":25}},"16":{"start":{"line":33,"column":8},"end":{"line":33,"column":51}},"17":{"start":{"line":43,"column":19},"end":{"line":55,"column":1}},"18":{"start":{"line":44,"column":4},"end":{"line":54,"column":5}},"19":{"start":{"line":45,"column":23},"end":{"line":45,"column":26}},"20":{"start":{"line":46,"column":25},"end":{"line":49,"column":9}},"21":{"start":{"line":50,"column":21},"end":{"line":50,"column":56}},"22":{"start":{"line":51,"column":8},"end":{"line":51,"column":24}},"23":{"start":{"line":53,"column":8},"end":{"line":53,"column":49}},"24":{"start":{"line":63,"column":19},"end":{"line":63,"column":40}},"25":{"start":{"line":70,"column":19},"end":{"line":87,"column":1}},"26":{"start":{"line":71,"column":8},"end":{"line":86,"column":5}},"27":{"start":{"line":72,"column":21},"end":{"line":72,"column":37}},"28":{"start":{"line":73,"column":25},"end":{"line":73,"column":56}},"29":{"start":{"line":74,"column":8},"end":{"line":74,"column":43}},"30":{"start":{"line":75,"column":27},"end":{"line":75,"column":35}},"31":{"start":{"line":76,"column":25},"end":{"line":76,"column":52}},"32":{"start":{"line":78,"column":21},"end":{"line":81,"column":9}},"33":{"start":{"line":82,"column":8},"end":{"line":82,"column":25}},"34":{"start":{"line":84,"column":8},"end":{"line":84,"column":22}},"35":{"start":{"line":85,"column":8},"end":{"line":85,"column":51}},"36":{"start":{"line":89,"column":0},"end":{"line":89,"column":61}}},"fnMap":{"0":{"name":"(anonymous_0)","decl":{"start":{"line":13,"column":17},"end":{"line":13,"column":18}},"loc":{"start":{"line":13,"column":36},"end":{"line":20,"column":1}},"line":13},"1":{"name":"(anonymous_1)","decl":{"start":{"line":27,"column":16},"end":{"line":27,"column":17}},"loc":{"start":{"line":27,"column":34},"end":{"line":35,"column":1}},"line":27},"2":{"name":"(anonymous_2)","decl":{"start":{"line":43,"column":19},"end":{"line":43,"column":20}},"loc":{"start":{"line":43,"column":39},"end":{"line":55,"column":1}},"line":43},"3":{"name":"(anonymous_3)","decl":{"start":{"line":63,"column":19},"end":{"line":63,"column":20}},"loc":{"start":{"line":63,"column":38},"end":{"line":63,"column":40}},"line":63},"4":{"name":"(anonymous_4)","decl":{"start":{"line":70,"column":19},"end":{"line":70,"column":20}},"loc":{"start":{"line":70,"column":38},"end":{"line":87,"column":1}},"line":70}},"branchMap":{},"s":{"0":3,"1":3,"2":3,"3":3,"4":3,"5":3,"6":3,"7":1,"8":1,"9":1,"10":0,"11":3,"12":0,"13":0,"14":0,"15":0,"16":0,"17":3,"18":0,"19":0,"20":0,"21":0,"22":0,"23":0,"24":3,"25":3,"26":0,"27":0,"28":0,"29":0,"30":0,"31":0,"32":0,"33":0,"34":0,"35":0,"36":3},"f":{"0":1,"1":0,"2":0,"3":0,"4":0},"b":{},"_coverageSchema":"1a1c01bbd47fc00a2c39e90264f33305004495a9","hash":"c0640d14303ef66214c629cff39728fb6f8102f4"}
,"C:\\Users\\PAVILION\\Downloads\\ApiRest\\controllers\\tracks.js": {"path":"C:\\Users\\PAVILION\\Downloads\\ApiRest\\controllers\\tracks.js","statementMap":{"0":{"start":{"line":1,"column":22},"end":{"line":1,"column":43}},"1":{"start":{"line":2,"column":22},"end":{"line":2,"column":50}},"2":{"start":{"line":3,"column":28},"end":{"line":3,"column":59}},"3":{"start":{"line":9,"column":17},"end":{"line":20,"column":1}},"4":{"start":{"line":11,"column":4},"end":{"line":18,"column":5}},"5":{"start":{"line":12,"column":21},"end":{"line":12,"column":29}},"6":{"start":{"line":13,"column":21},"end":{"line":13,"column":54}},"7":{"start":{"line":14,"column":8},"end":{"line":14,"column":31}},"8":{"start":{"line":16,"column":8},"end":{"line":16,"column":23}},"9":{"start":{"line":17,"column":8},"end":{"line":17,"column":48}},"10":{"start":{"line":27,"column":16},"end":{"line":36,"column":1}},"11":{"start":{"line":28,"column":4},"end":{"line":35,"column":5}},"12":{"start":{"line":29,"column":8},"end":{"line":29,"column":31}},"13":{"start":{"line":30,"column":21},"end":{"line":30,"column":24}},"14":{"start":{"line":31,"column":21},"end":{"line":31,"column":54}},"15":{"start":{"line":32,"column":8},"end":{"line":32,"column":25}},"16":{"start":{"line":34,"column":8},"end":{"line":34,"column":46}},"17":{"start":{"line":44,"column":19},"end":{"line":54,"column":1}},"18":{"start":{"line":46,"column":4},"end":{"line":52,"column":5}},"19":{"start":{"line":47,"column":21},"end":{"line":47,"column":37}},"20":{"start":{"line":48,"column":21},"end":{"line":48,"column":51}},"21":{"start":{"line":49,"column":8},"end":{"line":49,"column":25}},"22":{"start":{"line":51,"column":8},"end":{"line":51,"column":51}},"23":{"start":{"line":61,"column":19},"end":{"line":71,"column":1}},"24":{"start":{"line":62,"column":4},"end":{"line":70,"column":5}},"25":{"start":{"line":63,"column":30},"end":{"line":63,"column":46}},"26":{"start":{"line":64,"column":21},"end":{"line":66,"column":9}},"27":{"start":{"line":67,"column":8},"end":{"line":67,"column":25}},"28":{"start":{"line":69,"column":8},"end":{"line":69,"column":51}},"29":{"start":{"line":78,"column":19},"end":{"line":87,"column":1}},"30":{"start":{"line":79,"column":4},"end":{"line":86,"column":5}},"31":{"start":{"line":80,"column":8},"end":{"line":80,"column":31}},"32":{"start":{"line":81,"column":21},"end":{"line":81,"column":24}},"33":{"start":{"line":82,"column":21},"end":{"line":82,"column":55}},"34":{"start":{"line":83,"column":8},"end":{"line":83,"column":25}},"35":{"start":{"line":85,"column":8},"end":{"line":85,"column":49}},"36":{"start":{"line":89,"column":0},"end":{"line":89,"column":73}}},"fnMap":{"0":{"name":"(anonymous_0)","decl":{"start":{"line":9,"column":17},"end":{"line":9,"column":18}},"loc":{"start":{"line":9,"column":36},"end":{"line":20,"column":1}},"line":9},"1":{"name":"(anonymous_1)","decl":{"start":{"line":27,"column":16},"end":{"line":27,"column":17}},"loc":{"start":{"line":27,"column":35},"end":{"line":36,"column":1}},"line":27},"2":{"name":"(anonymous_2)","decl":{"start":{"line":44,"column":19},"end":{"line":44,"column":20}},"loc":{"start":{"line":44,"column":38},"end":{"line":54,"column":1}},"line":44},"3":{"name":"(anonymous_3)","decl":{"start":{"line":61,"column":19},"end":{"line":61,"column":20}},"loc":{"start":{"line":61,"column":38},"end":{"line":71,"column":1}},"line":61},"4":{"name":"(anonymous_4)","decl":{"start":{"line":78,"column":19},"end":{"line":78,"column":20}},"loc":{"start":{"line":78,"column":38},"end":{"line":87,"column":1}},"line":78}},"branchMap":{},"s":{"0":3,"1":3,"2":3,"3":3,"4":1,"5":1,"6":1,"7":1,"8":0,"9":0,"10":3,"11":1,"12":1,"13":1,"14":1,"15":1,"16":0,"17":3,"18":1,"19":1,"20":1,"21":1,"22":0,"23":3,"24":0,"25":0,"26":0,"27":0,"28":0,"29":3,"30":1,"31":1,"32":1,"33":1,"34":1,"35":0,"36":3},"f":{"0":1,"1":1,"2":1,"3":0,"4":1},"b":{},"_coverageSchema":"1a1c01bbd47fc00a2c39e90264f33305004495a9","hash":"770fc3fa787f9082e0e2a073131dfd7c704ab79c"}
,"C:\\Users\\PAVILION\\Downloads\\ApiRest\\docs\\swagger.js": {"path":"C:\\Users\\PAVILION\\Downloads\\ApiRest\\docs\\swagger.js","statementMap":{"0":{"start":{"line":1,"column":21},"end":{"line":1,"column":45}},"1":{"start":{"line":3,"column":26},"end":{"line":111,"column":1}},"2":{"start":{"line":113,"column":16},"end":{"line":118,"column":1}},"3":{"start":{"line":120,"column":29},"end":{"line":120,"column":50}},"4":{"start":{"line":122,"column":0},"end":{"line":122,"column":38}}},"fnMap":{},"branchMap":{},"s":{"0":3,"1":3,"2":3,"3":3,"4":3},"f":{},"b":{},"_coverageSchema":"1a1c01bbd47fc00a2c39e90264f33305004495a9","hash":"58ec5d6ef847382c6ab01f8cb9c85b70e1e1156f"}
,"C:\\Users\\PAVILION\\Downloads\\ApiRest\\middleware\\rol.js": {"path":"C:\\Users\\PAVILION\\Downloads\\ApiRest\\middleware\\rol.js","statementMap":{"0":{"start":{"line":1,"column":26},"end":{"line":1,"column":57}},"1":{"start":{"line":8,"column":17},"end":{"line":23,"column":1}},"2":{"start":{"line":8,"column":28},"end":{"line":23,"column":1}},"3":{"start":{"line":9,"column":4},"end":{"line":22,"column":5}},"4":{"start":{"line":10,"column":23},"end":{"line":10,"column":26}},"5":{"start":{"line":11,"column":8},"end":{"line":11,"column":28}},"6":{"start":{"line":12,"column":28},"end":{"line":12,"column":37}},"7":{"start":{"line":14,"column":30},"end":{"line":14,"column":88}},"8":{"start":{"line":14,"column":56},"end":{"line":14,"column":87}},"9":{"start":{"line":15,"column":8},"end":{"line":18,"column":9}},"10":{"start":{"line":16,"column":12},"end":{"line":16,"column":62}},"11":{"start":{"line":17,"column":12},"end":{"line":17,"column":19}},"12":{"start":{"line":19,"column":8},"end":{"line":19,"column":14}},"13":{"start":{"line":21,"column":8},"end":{"line":21,"column":54}},"14":{"start":{"line":25,"column":0},"end":{"line":25,"column":26}}},"fnMap":{"0":{"name":"(anonymous_0)","decl":{"start":{"line":8,"column":17},"end":{"line":8,"column":18}},"loc":{"start":{"line":8,"column":28},"end":{"line":23,"column":1}},"line":8},"1":{"name":"(anonymous_1)","decl":{"start":{"line":8,"column":28},"end":{"line":8,"column":29}},"loc":{"start":{"line":8,"column":48},"end":{"line":23,"column":1}},"line":8},"2":{"name":"(anonymous_2)","decl":{"start":{"line":14,"column":41},"end":{"line":14,"column":42}},"loc":{"start":{"line":14,"column":56},"end":{"line":14,"column":87}},"line":14}},"branchMap":{"0":{"loc":{"start":{"line":15,"column":8},"end":{"line":18,"column":9}},"type":"if","locations":[{"start":{"line":15,"column":8},"end":{"line":18,"column":9}},{"start":{},"end":{}}],"line":15}},"s":{"0":3,"1":3,"2":3,"3":1,"4":1,"5":1,"6":1,"7":1,"8":1,"9":1,"10":0,"11":0,"12":1,"13":0,"14":3},"f":{"0":3,"1":1,"2":1},"b":{"0":[0,1]},"_coverageSchema":"1a1c01bbd47fc00a2c39e90264f33305004495a9","hash":"0ecd287d903d06bbd420922043fb4794864b864a"}
,"C:\\Users\\PAVILION\\Downloads\\ApiRest\\middleware\\session.js": {"path":"C:\\Users\\PAVILION\\Downloads\\ApiRest\\middleware\\session.js","statementMap":{"0":{"start":{"line":1,"column":26},"end":{"line":1,"column":58}},"1":{"start":{"line":2,"column":24},"end":{"line":2,"column":53}},"2":{"start":{"line":3,"column":21},"end":{"line":3,"column":41}},"3":{"start":{"line":4,"column":22},"end":{"line":4,"column":64}},"4":{"start":{"line":5,"column":22},"end":{"line":5,"column":37}},"5":{"start":{"line":7,"column":23},"end":{"line":33,"column":1}},"6":{"start":{"line":8,"column":4},"end":{"line":32,"column":5}},"7":{"start":{"line":9,"column":8},"end":{"line":12,"column":9}},"8":{"start":{"line":10,"column":12},"end":{"line":10,"column":53}},"9":{"start":{"line":11,"column":12},"end":{"line":11,"column":18}},"10":{"start":{"line":14,"column":22},"end":{"line":14,"column":64}},"11":{"start":{"line":15,"column":26},"end":{"line":15,"column":50}},"12":{"start":{"line":17,"column":8},"end":{"line":20,"column":9}},"13":{"start":{"line":18,"column":12},"end":{"line":18,"column":57}},"14":{"start":{"line":19,"column":12},"end":{"line":19,"column":18}},"15":{"start":{"line":22,"column":22},"end":{"line":24,"column":9}},"16":{"start":{"line":26,"column":21},"end":{"line":26,"column":52}},"17":{"start":{"line":27,"column":8},"end":{"line":27,"column":23}},"18":{"start":{"line":29,"column":8},"end":{"line":29,"column":14}},"19":{"start":{"line":31,"column":8},"end":{"line":31,"column":48}},"20":{"start":{"line":35,"column":0},"end":{"line":35,"column":31}}},"fnMap":{"0":{"name":"(anonymous_0)","decl":{"start":{"line":7,"column":23},"end":{"line":7,"column":24}},"loc":{"start":{"line":7,"column":48},"end":{"line":33,"column":1}},"line":7}},"branchMap":{"0":{"loc":{"start":{"line":9,"column":8},"end":{"line":12,"column":9}},"type":"if","locations":[{"start":{"line":9,"column":8},"end":{"line":12,"column":9}},{"start":{},"end":{}}],"line":9},"1":{"loc":{"start":{"line":17,"column":8},"end":{"line":20,"column":9}},"type":"if","locations":[{"start":{"line":17,"column":8},"end":{"line":20,"column":9}},{"start":{},"end":{}}],"line":17}},"s":{"0":3,"1":3,"2":3,"3":3,"4":3,"5":3,"6":4,"7":4,"8":0,"9":0,"10":4,"11":4,"12":4,"13":0,"14":0,"15":4,"16":4,"17":4,"18":4,"19":0,"20":3},"f":{"0":4},"b":{"0":[0,4],"1":[0,4]},"_coverageSchema":"1a1c01bbd47fc00a2c39e90264f33305004495a9","hash":"8f290b3b421a7e554eb33fe82741e0fab61dc644"}
,"C:\\Users\\PAVILION\\Downloads\\ApiRest\\models\\index.js": {"path":"C:\\Users\\PAVILION\\Downloads\\ApiRest\\models\\index.js","statementMap":{"0":{"start":{"line":2,"column":18},"end":{"line":2,"column":39}},"1":{"start":{"line":4,"column":19},"end":{"line":4,"column":64}},"2":{"start":{"line":6,"column":15},"end":{"line":10,"column":1}},"3":{"start":{"line":12,"column":0},"end":{"line":12,"column":23}}},"fnMap":{},"branchMap":{"0":{"loc":{"start":{"line":4,"column":19},"end":{"line":4,"column":64}},"type":"cond-expr","locations":[{"start":{"line":4,"column":43},"end":{"line":4,"column":52}},{"start":{"line":4,"column":55},"end":{"line":4,"column":64}}],"line":4}},"s":{"0":3,"1":3,"2":3,"3":3},"f":{},"b":{"0":[3,0]},"_coverageSchema":"1a1c01bbd47fc00a2c39e90264f33305004495a9","hash":"28b1d48cae3fb8102ca480c957727611b41a34b9"}
,"C:\\Users\\PAVILION\\Downloads\\ApiRest\\models\\nosql\\storage.js": {"path":"C:\\Users\\PAVILION\\Downloads\\ApiRest\\models\\nosql\\storage.js","statementMap":{"0":{"start":{"line":1,"column":16},"end":{"line":1,"column":35}},"1":{"start":{"line":2,"column":23},"end":{"line":2,"column":49}},"2":{"start":{"line":3,"column":22},"end":{"line":16,"column":1}},"3":{"start":{"line":18,"column":0},"end":{"line":18,"column":63}},"4":{"start":{"line":19,"column":0},"end":{"line":19,"column":58}}},"fnMap":{},"branchMap":{},"s":{"0":3,"1":3,"2":3,"3":3,"4":3},"f":{},"b":{},"_coverageSchema":"1a1c01bbd47fc00a2c39e90264f33305004495a9","hash":"439bf6622cd9583355cc44e1d28d7060c1de0850"}
,"C:\\Users\\PAVILION\\Downloads\\ApiRest\\models\\nosql\\tracks.js": {"path":"C:\\Users\\PAVILION\\Downloads\\ApiRest\\models\\nosql\\tracks.js","statementMap":{"0":{"start":{"line":1,"column":17},"end":{"line":1,"column":36}},"1":{"start":{"line":2,"column":23},"end":{"line":2,"column":49}},"2":{"start":{"line":3,"column":21},"end":{"line":47,"column":1}},"3":{"start":{"line":15,"column":20},"end":{"line":15,"column":32}},"4":{"start":{"line":49,"column":0},"end":{"line":64,"column":2}},"5":{"start":{"line":50,"column":21},"end":{"line":62,"column":2}},"6":{"start":{"line":63,"column":4},"end":{"line":63,"column":19}},"7":{"start":{"line":68,"column":0},"end":{"line":89,"column":2}},"8":{"start":{"line":69,"column":21},"end":{"line":87,"column":2}},"9":{"start":{"line":88,"column":4},"end":{"line":88,"column":19}},"10":{"start":{"line":91,"column":0},"end":{"line":91,"column":62}},"11":{"start":{"line":92,"column":0},"end":{"line":92,"column":56}}},"fnMap":{"0":{"name":"(anonymous_0)","decl":{"start":{"line":14,"column":27},"end":{"line":14,"column":28}},"loc":{"start":{"line":14,"column":35},"end":{"line":16,"column":17}},"line":14},"1":{"name":"(anonymous_1)","decl":{"start":{"line":49,"column":35},"end":{"line":49,"column":36}},"loc":{"start":{"line":49,"column":45},"end":{"line":64,"column":1}},"line":49},"2":{"name":"(anonymous_2)","decl":{"start":{"line":68,"column":35},"end":{"line":68,"column":36}},"loc":{"start":{"line":68,"column":47},"end":{"line":89,"column":1}},"line":68}},"branchMap":{},"s":{"0":3,"1":3,"2":3,"3":1,"4":3,"5":1,"6":1,"7":3,"8":1,"9":1,"10":3,"11":3},"f":{"0":1,"1":1,"2":1},"b":{},"_coverageSchema":"1a1c01bbd47fc00a2c39e90264f33305004495a9","hash":"1e5fa5e0992e92b0d54992728774d3095f06a098"}
,"C:\\Users\\PAVILION\\Downloads\\ApiRest\\models\\nosql\\users.js": {"path":"C:\\Users\\PAVILION\\Downloads\\ApiRest\\models\\nosql\\users.js","statementMap":{"0":{"start":{"line":1,"column":17},"end":{"line":1,"column":36}},"1":{"start":{"line":2,"column":23},"end":{"line":2,"column":49}},"2":{"start":{"line":3,"column":19},"end":{"line":27,"column":1}},"3":{"start":{"line":29,"column":0},"end":{"line":29,"column":61}},"4":{"start":{"line":30,"column":0},"end":{"line":30,"column":52}}},"fnMap":{},"branchMap":{},"s":{"0":3,"1":3,"2":3,"3":3,"4":3},"f":{},"b":{},"_coverageSchema":"1a1c01bbd47fc00a2c39e90264f33305004495a9","hash":"0f724617d85af923f069a1adebe48f8e015136ec"}
,"C:\\Users\\PAVILION\\Downloads\\ApiRest\\routes\\auth.js": {"path":"C:\\Users\\PAVILION\\Downloads\\ApiRest\\routes\\auth.js","statementMap":{"0":{"start":{"line":1,"column":16},"end":{"line":1,"column":34}},"1":{"start":{"line":2,"column":34},"end":{"line":2,"column":65}},"2":{"start":{"line":3,"column":15},"end":{"line":3,"column":31}},"3":{"start":{"line":4,"column":44},"end":{"line":4,"column":73}},"4":{"start":{"line":29,"column":0},"end":{"line":29,"column":58}},"5":{"start":{"line":57,"column":0},"end":{"line":57,"column":49}},"6":{"start":{"line":60,"column":0},"end":{"line":60,"column":24}}},"fnMap":{},"branchMap":{},"s":{"0":3,"1":3,"2":3,"3":3,"4":3,"5":3,"6":3},"f":{},"b":{},"_coverageSchema":"1a1c01bbd47fc00a2c39e90264f33305004495a9","hash":"578260611f09d606d0e3f7b8e23b7090f79564c0"}
,"C:\\Users\\PAVILION\\Downloads\\ApiRest\\routes\\index.js": {"path":"C:\\Users\\PAVILION\\Downloads\\ApiRest\\routes\\index.js","statementMap":{"0":{"start":{"line":1,"column":16},"end":{"line":1,"column":34}},"1":{"start":{"line":2,"column":15},"end":{"line":2,"column":31}},"2":{"start":{"line":3,"column":11},"end":{"line":3,"column":24}},"3":{"start":{"line":6,"column":20},"end":{"line":6,"column":29}},"4":{"start":{"line":8,"column":24},"end":{"line":10,"column":1}},"5":{"start":{"line":9,"column":4},"end":{"line":9,"column":38}},"6":{"start":{"line":12,"column":0},"end":{"line":19,"column":2}},"7":{"start":{"line":13,"column":17},"end":{"line":13,"column":38}},"8":{"start":{"line":14,"column":4},"end":{"line":18,"column":5}},"9":{"start":{"line":16,"column":8},"end":{"line":16,"column":44}},"10":{"start":{"line":17,"column":8},"end":{"line":17,"column":52}},"11":{"start":{"line":22,"column":0},"end":{"line":22,"column":23}}},"fnMap":{"0":{"name":"(anonymous_0)","decl":{"start":{"line":8,"column":24},"end":{"line":8,"column":25}},"loc":{"start":{"line":8,"column":37},"end":{"line":10,"column":1}},"line":8},"1":{"name":"(anonymous_1)","decl":{"start":{"line":12,"column":35},"end":{"line":12,"column":36}},"loc":{"start":{"line":12,"column":43},"end":{"line":19,"column":1}},"line":12}},"branchMap":{"0":{"loc":{"start":{"line":14,"column":4},"end":{"line":18,"column":5}},"type":"if","locations":[{"start":{"line":14,"column":4},"end":{"line":18,"column":5}},{"start":{},"end":{}}],"line":14}},"s":{"0":3,"1":3,"2":3,"3":3,"4":3,"5":12,"6":3,"7":12,"8":12,"9":9,"10":9,"11":3},"f":{"0":12,"1":12},"b":{"0":[9,3]},"_coverageSchema":"1a1c01bbd47fc00a2c39e90264f33305004495a9","hash":"b2f38e0593ccb4b5ac0d2a6b76edab6fed79f6e6"}
,"C:\\Users\\PAVILION\\Downloads\\ApiRest\\routes\\storage.js": {"path":"C:\\Users\\PAVILION\\Downloads\\ApiRest\\routes\\storage.js","statementMap":{"0":{"start":{"line":1,"column":16},"end":{"line":1,"column":34}},"1":{"start":{"line":2,"column":15},"end":{"line":2,"column":31}},"2":{"start":{"line":3,"column":25},"end":{"line":3,"column":58}},"3":{"start":{"line":4,"column":27},"end":{"line":4,"column":59}},"4":{"start":{"line":5,"column":65},"end":{"line":5,"column":98}},"5":{"start":{"line":6,"column":16},"end":{"line":6,"column":50}},"6":{"start":{"line":32,"column":0},"end":{"line":32,"column":26}},"7":{"start":{"line":63,"column":0},"end":{"line":63,"column":46}},"8":{"start":{"line":90,"column":0},"end":{"line":90,"column":52}},"9":{"start":{"line":124,"column":0},"end":{"line":124,"column":64}},"10":{"start":{"line":126,"column":0},"end":{"line":126,"column":24}}},"fnMap":{},"branchMap":{},"s":{"0":3,"1":3,"2":3,"3":3,"4":3,"5":3,"6":3,"7":3,"8":3,"9":3,"10":3},"f":{},"b":{},"_coverageSchema":"1a1c01bbd47fc00a2c39e90264f33305004495a9","hash":"7182e106132cef08c327019513f21dc17a38a972"}
,"C:\\Users\\PAVILION\\Downloads\\ApiRest\\routes\\tracks.js": {"path":"C:\\Users\\PAVILION\\Downloads\\ApiRest\\routes\\tracks.js","statementMap":{"0":{"start":{"line":1,"column":16},"end":{"line":1,"column":34}},"1":{"start":{"line":2,"column":15},"end":{"line":2,"column":31}},"2":{"start":{"line":3,"column":23},"end":{"line":3,"column":55}},"3":{"start":{"line":4,"column":17},"end":{"line":4,"column":45}},"4":{"start":{"line":5,"column":48},"end":{"line":5,"column":79}},"5":{"start":{"line":6,"column":64},"end":{"line":6,"column":96}},"6":{"start":{"line":10,"column":0},"end":{"line":10,"column":42}},"7":{"start":{"line":12,"column":0},"end":{"line":12,"column":62}},"8":{"start":{"line":14,"column":0},"end":{"line":14,"column":95}},"9":{"start":{"line":16,"column":0},"end":{"line":16,"column":86}},"10":{"start":{"line":18,"column":0},"end":{"line":18,"column":68}},"11":{"start":{"line":20,"column":0},"end":{"line":20,"column":24}}},"fnMap":{},"branchMap":{},"s":{"0":3,"1":3,"2":3,"3":3,"4":3,"5":3,"6":3,"7":3,"8":3,"9":3,"10":3,"11":3},"f":{},"b":{},"_coverageSchema":"1a1c01bbd47fc00a2c39e90264f33305004495a9","hash":"288c5926a1f185b2885c54c00935847fdb0aa0b7"}
,"C:\\Users\\PAVILION\\Downloads\\ApiRest\\test\\helper\\helperData.js": {"path":"C:\\Users\\PAVILION\\Downloads\\ApiRest\\test\\helper\\helperData.js","statementMap":{"0":{"start":{"line":1,"column":22},"end":{"line":4,"column":3}},"1":{"start":{"line":6,"column":27},"end":{"line":11,"column":3}},"2":{"start":{"line":13,"column":32},"end":{"line":19,"column":3}},"3":{"start":{"line":21,"column":30},"end":{"line":24,"column":3}},"4":{"start":{"line":26,"column":24},"end":{"line":40,"column":3}},"5":{"start":{"line":43,"column":2},"end":{"line":49,"column":3}}},"fnMap":{},"branchMap":{},"s":{"0":3,"1":3,"2":3,"3":3,"4":3,"5":3},"f":{},"b":{},"_coverageSchema":"1a1c01bbd47fc00a2c39e90264f33305004495a9","hash":"1d9041858d9d4b4c0fc4cb03a9a0f1d33d0f8111"}
,"C:\\Users\\PAVILION\\Downloads\\ApiRest\\utils\\handleError.js": {"path":"C:\\Users\\PAVILION\\Downloads\\ApiRest\\utils\\handleError.js","statementMap":{"0":{"start":{"line":1,"column":24},"end":{"line":4,"column":1}},"1":{"start":{"line":2,"column":4},"end":{"line":2,"column":21}},"2":{"start":{"line":3,"column":4},"end":{"line":3,"column":31}},"3":{"start":{"line":6,"column":0},"end":{"line":6,"column":35}}},"fnMap":{"0":{"name":"(anonymous_0)","decl":{"start":{"line":1,"column":24},"end":{"line":1,"column":25}},"loc":{"start":{"line":1,"column":71},"end":{"line":4,"column":1}},"line":1}},"branchMap":{"0":{"loc":{"start":{"line":1,"column":30},"end":{"line":1,"column":54}},"type":"default-arg","locations":[{"start":{"line":1,"column":40},"end":{"line":1,"column":54}}],"line":1},"1":{"loc":{"start":{"line":1,"column":56},"end":{"line":1,"column":66}},"type":"default-arg","locations":[{"start":{"line":1,"column":63},"end":{"line":1,"column":66}}],"line":1}},"s":{"0":3,"1":2,"2":2,"3":3},"f":{"0":2},"b":{"0":[0],"1":[0]},"_coverageSchema":"1a1c01bbd47fc00a2c39e90264f33305004495a9","hash":"d8978a85daa473e3895e73c92cce65c9d9c19238"}
,"C:\\Users\\PAVILION\\Downloads\\ApiRest\\utils\\handleJwt.js": {"path":"C:\\Users\\PAVILION\\Downloads\\ApiRest\\utils\\handleJwt.js","statementMap":{"0":{"start":{"line":1,"column":12},"end":{"line":1,"column":35}},"1":{"start":{"line":2,"column":19},"end":{"line":2,"column":41}},"2":{"start":{"line":3,"column":22},"end":{"line":3,"column":64}},"3":{"start":{"line":4,"column":22},"end":{"line":4,"column":37}},"4":{"start":{"line":10,"column":18},"end":{"line":22,"column":1}},"5":{"start":{"line":11,"column":17},"end":{"line":20,"column":5}},"6":{"start":{"line":21,"column":4},"end":{"line":21,"column":15}},"7":{"start":{"line":30,"column":20},"end":{"line":36,"column":1}},"8":{"start":{"line":31,"column":4},"end":{"line":35,"column":5}},"9":{"start":{"line":32,"column":8},"end":{"line":32,"column":47}},"10":{"start":{"line":34,"column":8},"end":{"line":34,"column":19}},"11":{"start":{"line":38,"column":0},"end":{"line":38,"column":41}}},"fnMap":{"0":{"name":"(anonymous_0)","decl":{"start":{"line":10,"column":18},"end":{"line":10,"column":19}},"loc":{"start":{"line":10,"column":34},"end":{"line":22,"column":1}},"line":10},"1":{"name":"(anonymous_1)","decl":{"start":{"line":30,"column":20},"end":{"line":30,"column":21}},"loc":{"start":{"line":30,"column":40},"end":{"line":36,"column":1}},"line":30}},"branchMap":{},"s":{"0":3,"1":3,"2":3,"3":3,"4":3,"5":4,"6":4,"7":3,"8":4,"9":4,"10":0,"11":3},"f":{"0":4,"1":4},"b":{},"_coverageSchema":"1a1c01bbd47fc00a2c39e90264f33305004495a9","hash":"76db567d9e8c27341e901491839cc184b474dcb9"}
,"C:\\Users\\PAVILION\\Downloads\\ApiRest\\utils\\handlePassword.js": {"path":"C:\\Users\\PAVILION\\Downloads\\ApiRest\\utils\\handlePassword.js","statementMap":{"0":{"start":{"line":1,"column":17},"end":{"line":1,"column":36}},"1":{"start":{"line":7,"column":16},"end":{"line":10,"column":1}},"2":{"start":{"line":8,"column":17},"end":{"line":8,"column":55}},"3":{"start":{"line":9,"column":4},"end":{"line":9,"column":15}},"4":{"start":{"line":18,"column":16},"end":{"line":20,"column":1}},"5":{"start":{"line":19,"column":4},"end":{"line":19,"column":62}},"6":{"start":{"line":22,"column":0},"end":{"line":22,"column":35}}},"fnMap":{"0":{"name":"(anonymous_0)","decl":{"start":{"line":7,"column":16},"end":{"line":7,"column":17}},"loc":{"start":{"line":7,"column":40},"end":{"line":10,"column":1}},"line":7},"1":{"name":"(anonymous_1)","decl":{"start":{"line":18,"column":16},"end":{"line":18,"column":17}},"loc":{"start":{"line":18,"column":54},"end":{"line":20,"column":1}},"line":18}},"branchMap":{},"s":{"0":3,"1":3,"2":1,"3":1,"4":3,"5":2,"6":3},"f":{"0":1,"1":2},"b":{},"_coverageSchema":"1a1c01bbd47fc00a2c39e90264f33305004495a9","hash":"aa5e1761682677bd5c8abb7945f3ffc60ff0a529"}
,"C:\\Users\\PAVILION\\Downloads\\ApiRest\\utils\\handlePropertiesEngine.js": {"path":"C:\\Users\\PAVILION\\Downloads\\ApiRest\\utils\\handlePropertiesEngine.js","statementMap":{"0":{"start":{"line":1,"column":18},"end":{"line":1,"column":39}},"1":{"start":{"line":2,"column":22},"end":{"line":12,"column":1}},"2":{"start":{"line":3,"column":17},"end":{"line":10,"column":5}},"3":{"start":{"line":11,"column":4},"end":{"line":11,"column":26}},"4":{"start":{"line":14,"column":0},"end":{"line":14,"column":30}}},"fnMap":{"0":{"name":"(anonymous_0)","decl":{"start":{"line":2,"column":22},"end":{"line":2,"column":23}},"loc":{"start":{"line":2,"column":28},"end":{"line":12,"column":1}},"line":2}},"branchMap":{},"s":{"0":3,"1":3,"2":6,"3":6,"4":3},"f":{"0":6},"b":{},"_coverageSchema":"1a1c01bbd47fc00a2c39e90264f33305004495a9","hash":"4d1581172c84c54b9074752398c9ade560ad6e5f"}
,"C:\\Users\\PAVILION\\Downloads\\ApiRest\\utils\\handleStorage.js": {"path":"C:\\Users\\PAVILION\\Downloads\\ApiRest\\utils\\handleStorage.js","statementMap":{"0":{"start":{"line":1,"column":15},"end":{"line":1,"column":32}},"1":{"start":{"line":2,"column":16},"end":{"line":13,"column":2}},"2":{"start":{"line":4,"column":28},"end":{"line":4,"column":53}},"3":{"start":{"line":5,"column":8},"end":{"line":5,"column":30}},"4":{"start":{"line":9,"column":20},"end":{"line":9,"column":54}},"5":{"start":{"line":10,"column":25},"end":{"line":10,"column":52}},"6":{"start":{"line":11,"column":8},"end":{"line":11,"column":27}},"7":{"start":{"line":15,"column":25},"end":{"line":15,"column":42}},"8":{"start":{"line":17,"column":0},"end":{"line":17,"column":34}}},"fnMap":{"0":{"name":"(anonymous_0)","decl":{"start":{"line":3,"column":16},"end":{"line":3,"column":17}},"loc":{"start":{"line":3,"column":39},"end":{"line":7,"column":5}},"line":3},"1":{"name":"(anonymous_1)","decl":{"start":{"line":8,"column":13},"end":{"line":8,"column":14}},"loc":{"start":{"line":8,"column":36},"end":{"line":12,"column":5}},"line":8}},"branchMap":{},"s":{"0":3,"1":3,"2":0,"3":0,"4":0,"5":0,"6":0,"7":3,"8":3},"f":{"0":0,"1":0},"b":{},"_coverageSchema":"1a1c01bbd47fc00a2c39e90264f33305004495a9","hash":"2be0db6f805bff747767cfeae5213d92d6fc0bf7"}
,"C:\\Users\\PAVILION\\Downloads\\ApiRest\\utils\\handleValidator.js": {"path":"C:\\Users\\PAVILION\\Downloads\\ApiRest\\utils\\handleValidator.js","statementMap":{"0":{"start":{"line":1,"column":26},"end":{"line":1,"column":54}},"1":{"start":{"line":3,"column":24},"end":{"line":12,"column":1}},"2":{"start":{"line":4,"column":4},"end":{"line":11,"column":5}},"3":{"start":{"line":5,"column":8},"end":{"line":5,"column":38}},"4":{"start":{"line":6,"column":8},"end":{"line":6,"column":22}},"5":{"start":{"line":9,"column":8},"end":{"line":9,"column":24}},"6":{"start":{"line":10,"column":8},"end":{"line":10,"column":40}},"7":{"start":{"line":14,"column":0},"end":{"line":14,"column":32}}},"fnMap":{"0":{"name":"(anonymous_0)","decl":{"start":{"line":3,"column":24},"end":{"line":3,"column":25}},"loc":{"start":{"line":3,"column":44},"end":{"line":12,"column":1}},"line":3}},"branchMap":{},"s":{"0":3,"1":3,"2":7,"3":7,"4":7,"5":0,"6":0,"7":3},"f":{"0":7},"b":{},"_coverageSchema":"1a1c01bbd47fc00a2c39e90264f33305004495a9","hash":"8e09293735244b88a103703e8a7a0e683bc4f367"}
,"C:\\Users\\PAVILION\\Downloads\\ApiRest\\validators\\auth.js": {"path":"C:\\Users\\PAVILION\\Downloads\\ApiRest\\validators\\auth.js","statementMap":{"0":{"start":{"line":1,"column":16},"end":{"line":1,"column":44}},"1":{"start":{"line":2,"column":24},"end":{"line":2,"column":59}},"2":{"start":{"line":5,"column":26},"end":{"line":28,"column":1}},"3":{"start":{"line":26,"column":5},"end":{"line":26,"column":43}},"4":{"start":{"line":30,"column":23},"end":{"line":43,"column":1}},"5":{"start":{"line":41,"column":5},"end":{"line":41,"column":43}},"6":{"start":{"line":44,"column":0},"end":{"line":44,"column":53}}},"fnMap":{"0":{"name":"(anonymous_0)","decl":{"start":{"line":25,"column":4},"end":{"line":25,"column":5}},"loc":{"start":{"line":25,"column":24},"end":{"line":27,"column":5}},"line":25},"1":{"name":"(anonymous_1)","decl":{"start":{"line":40,"column":4},"end":{"line":40,"column":5}},"loc":{"start":{"line":40,"column":24},"end":{"line":42,"column":5}},"line":40}},"branchMap":{},"s":{"0":3,"1":3,"2":3,"3":1,"4":3,"5":3,"6":3},"f":{"0":1,"1":3},"b":{},"_coverageSchema":"1a1c01bbd47fc00a2c39e90264f33305004495a9","hash":"7c442abce94ea3f85507a435c60174f4610de5c3"}
,"C:\\Users\\PAVILION\\Downloads\\ApiRest\\validators\\storage.js": {"path":"C:\\Users\\PAVILION\\Downloads\\ApiRest\\validators\\storage.js","statementMap":{"0":{"start":{"line":1,"column":16},"end":{"line":1,"column":44}},"1":{"start":{"line":2,"column":24},"end":{"line":2,"column":59}},"2":{"start":{"line":5,"column":25},"end":{"line":12,"column":1}},"3":{"start":{"line":10,"column":5},"end":{"line":10,"column":43}},"4":{"start":{"line":14,"column":0},"end":{"line":14,"column":36}}},"fnMap":{"0":{"name":"(anonymous_0)","decl":{"start":{"line":9,"column":4},"end":{"line":9,"column":5}},"loc":{"start":{"line":9,"column":24},"end":{"line":11,"column":5}},"line":9}},"branchMap":{},"s":{"0":3,"1":3,"2":3,"3":0,"4":3},"f":{"0":0},"b":{},"_coverageSchema":"1a1c01bbd47fc00a2c39e90264f33305004495a9","hash":"070cf7c5123af29bef4c80448c934b1e35b18313"}
,"C:\\Users\\PAVILION\\Downloads\\ApiRest\\validators\\tracks.js": {"path":"C:\\Users\\PAVILION\\Downloads\\ApiRest\\validators\\tracks.js","statementMap":{"0":{"start":{"line":1,"column":16},"end":{"line":1,"column":44}},"1":{"start":{"line":2,"column":24},"end":{"line":2,"column":59}},"2":{"start":{"line":4,"column":28},"end":{"line":46,"column":1}},"3":{"start":{"line":44,"column":5},"end":{"line":44,"column":43}},"4":{"start":{"line":48,"column":25},"end":{"line":55,"column":1}},"5":{"start":{"line":53,"column":5},"end":{"line":53,"column":43}},"6":{"start":{"line":57,"column":0},"end":{"line":57,"column":57}}},"fnMap":{"0":{"name":"(anonymous_0)","decl":{"start":{"line":43,"column":4},"end":{"line":43,"column":5}},"loc":{"start":{"line":43,"column":24},"end":{"line":45,"column":5}},"line":43},"1":{"name":"(anonymous_1)","decl":{"start":{"line":52,"column":4},"end":{"line":52,"column":5}},"loc":{"start":{"line":52,"column":24},"end":{"line":54,"column":5}},"line":52}},"branchMap":{},"s":{"0":3,"1":3,"2":3,"3":1,"4":3,"5":2,"6":3},"f":{"0":1,"1":2},"b":{},"_coverageSchema":"1a1c01bbd47fc00a2c39e90264f33305004495a9","hash":"15983fcb1b6c7c0d14067b894383949fc7928248"}
}
